@ChanServ
[Mrt]
|Roidz|1
aarobber
Acegikmo_
adamhill
AJVFox
AlexZan
amino
Andrew_______
andriii25
Arcanor
argontus
arietis
Arkhaix
Art_Vandelay_
artmann
arzi
Atomim
augur_
Bafflermeal
Billowper
BoomBox
burzum
castlelo_
CharlieM1
ChrisReilly
cjdavies
ConFliX
cypherdial
d3vlin
daekano
danderson
DarkLotus
Daveoh
davidnunez
DEADB33F
desplesda
Deus201_
Diablodoc
djinni
DoctorJellyface3
Dragonene
dvoid
eLenoAr
Felor_
Frement_
FrodoTheHobbit
Frooxius
Gehnster
General1337
generalhan_
Guest75192
HEGI
henry_v
hobblygobbly_
Hoxolotl
hpman
IceTrAiN
iKriz
itsjar
jimjasta1ay
jimmyff
jojomondag
jojomontag
JoshuaMadoc
kayoone__
Kepab
kuranai
l1ght
lct
Licher
Mahoozle
matpow2
maxorator
Mendenba_
mhutch
miceiken
MooNiZZ
MrOtton
nitish__
niwamaxou
Orphis
osaka_
ouglaaa
pacroon
pell0
phosphers
pickscrape
pjezek
PolCPP_
popey
PSG_Sakari
QLlNT
Ramen_
Rati
RoyAwesome_
rush321
SargoDarya
Seppy
ShawnWhite
Shishire
sig-
sireel_
Smeggy
smilertoo
SmoMo_
SpanishYann
sunjon_
tdguy
Tesrym
TheBunny
ThomasLund
thoughtful
TwoWholeWorms
TZer0
undream
UnicornForest
vertigoo
waiora
waldo_xeon
Wenzil
whirlibulf
xPucTu4
Zerot
zoktar
